[0m[[0m[0mdebug[0m] [0m[0m> Exec(run, Some(e8f0568e-e67a-41c1-b4c8-3010399471a3), Some(CommandSource(console0)))[0m
[0m[[0m[0mdebug[0m] [0m[0mEvaluating tasks: Compile / run[0m
[0m[[0m[0mdebug[0m] [0m[0mRunning task... Cancel: Signal, check cycles: false, forcegc: true[0m
[0m[[0m[0minfo[0m] [0m[0mcompiling 1 Scala source to C:\Users\RDIUP\Downloads\Pokedex_4\Pokedex 4\target\scala-3.1.3\classes ...[0m
[0m[[0m[33mwarn[0m] [0m[0m[33m[33m-- Warning: C:\Users\RDIUP\Downloads\Pokedex_4\Pokedex 4\src\main\scala\com\pokemon\Pokedex.scala:36:10 [0m[0m[0m
[0m[[0m[33mwarn[0m] [0m[0m[33m36 |[0m          [33mval[0m [36mgen[0m = readLine()[0m
[0m[[0m[33mwarn[0m] [0m[0m[33m[33m   |[0m          ^[0m[0m
[0m[[0m[33mwarn[0m] [0m[0m[33m   |[0m          Line is indented too far to the left, or a `}` is missing[0m
[0m[[0m[33mwarn[0m] [0m[0m[33m[33m-- Warning: C:\Users\RDIUP\Downloads\Pokedex_4\Pokedex 4\src\main\scala\com\pokemon\Pokedex.scala:37:10 [0m[0m[0m
[0m[[0m[33mwarn[0m] [0m[0m[33m37 |[0m          [33mval[0m [36mhttp[0m = [31m"https://pokeapi.co/api/v2/generation/"[0m+gen[0m
[0m[[0m[33mwarn[0m] [0m[0m[33m[33m   |[0m          ^[0m[0m
[0m[[0m[33mwarn[0m] [0m[0m[33m   |[0m          Line is indented too far to the left, or a `}` is missing[0m
[0m[[0m[33mwarn[0m] [0m[0m[33m[33m-- Warning: C:\Users\RDIUP\Downloads\Pokedex_4\Pokedex 4\src\main\scala\com\pokemon\Pokedex.scala:38:10 [0m[0m[0m
[0m[[0m[33mwarn[0m] [0m[0m[33m38 |[0m          [33mval[0m [36mresult[0m = scala.io.Source.fromURL(http).mkString[0m
[0m[[0m[33mwarn[0m] [0m[0m[33m[33m   |[0m          ^[0m[0m
[0m[[0m[33mwarn[0m] [0m[0m[33m   |[0m          Line is indented too far to the left, or a `}` is missing[0m
[0m[[0m[33mwarn[0m] [0m[0m[33m[33m-- Warning: C:\Users\RDIUP\Downloads\Pokedex_4\Pokedex 4\src\main\scala\com\pokemon\Pokedex.scala:39:10 [0m[0m[0m
[0m[[0m[33mwarn[0m] [0m[0m[33m39 |[0m          println(result)[0m
[0m[[0m[33mwarn[0m] [0m[0m[33m[33m   |[0m          ^[0m[0m
[0m[[0m[33mwarn[0m] [0m[0m[33m   |[0m          Line is indented too far to the left, or a `}` is missing[0m
[0m[[0m[33mwarn[0m] [0m[0m[33m[33m-- Warning: C:\Users\RDIUP\Downloads\Pokedex_4\Pokedex 4\src\main\scala\com\pokemon\Pokedex.scala:40:10 [0m[0m[0m
[0m[[0m[33mwarn[0m] [0m[0m[33m40 |[0m          println(http)[0m
[0m[[0m[33mwarn[0m] [0m[0m[33m[33m   |[0m          ^[0m[0m
[0m[[0m[33mwarn[0m] [0m[0m[33m   |[0m          Line is indented too far to the left, or a `}` is missing[0m
[0m[[0m[33mwarn[0m] [0m[0m5 warnings found[0m
[0m[[0m[32msuccess[0m] [0m[0mTotal time: 8 s, completed 3 août 2022, 16:02:21[0m
[0m[[0m[0mdebug[0m] [0m[0m> Exec(shell, None, None)[0m
